0 info it worked if it ends with ok
1 verbose cli [ 'G:\\web\\node\\node.exe',
1 verbose cli   'G:\\web\\node\\node_modules\\npm\\bin\\npm-cli.js',
1 verbose cli   'install',
1 verbose cli   '--save',
1 verbose cli   'PACKAGE_NAME' ]
2 info using npm@3.10.10
3 info using node@v6.10.0
4 silly loadCurrentTree Starting
5 silly install loadCurrentTree
6 silly install readLocalPackageData
7 silly fetchPackageMetaData PACKAGE_NAME
8 silly fetchNamedPackageData PACKAGE_NAME
9 silly mapToRegistry name PACKAGE_NAME
10 silly mapToRegistry using default registry
11 silly mapToRegistry registry http://registry.cnpmjs.org/
12 silly mapToRegistry data Result {
12 silly mapToRegistry   raw: 'PACKAGE_NAME',
12 silly mapToRegistry   scope: null,
12 silly mapToRegistry   escapedName: 'PACKAGE_NAME',
12 silly mapToRegistry   name: 'PACKAGE_NAME',
12 silly mapToRegistry   rawSpec: '',
12 silly mapToRegistry   spec: 'latest',
12 silly mapToRegistry   type: 'tag' }
13 silly mapToRegistry uri http://registry.cnpmjs.org/PACKAGE_NAME
14 verbose request uri http://registry.cnpmjs.org/PACKAGE_NAME
15 verbose request no auth needed
16 info attempt registry request try #1 at 11:01:53
17 verbose request id d28f3e6680e3caef
18 http request GET http://registry.cnpmjs.org/PACKAGE_NAME
19 http 404 http://registry.cnpmjs.org/PACKAGE_NAME
20 verbose headers { server: 'nginx/1.4.6 (Ubuntu)',
20 verbose headers   date: 'Fri, 24 Feb 2017 03:01:50 GMT',
20 verbose headers   'content-type': 'application/json; charset=utf-8',
20 verbose headers   'transfer-encoding': 'chunked',
20 verbose headers   connection: 'keep-alive',
20 verbose headers   'x-current-requests': '1',
20 verbose headers   'x-readtime': '7',
20 verbose headers   'content-encoding': 'gzip' }
21 silly get cb [ 404,
21 silly get   { server: 'nginx/1.4.6 (Ubuntu)',
21 silly get     date: 'Fri, 24 Feb 2017 03:01:50 GMT',
21 silly get     'content-type': 'application/json; charset=utf-8',
21 silly get     'transfer-encoding': 'chunked',
21 silly get     connection: 'keep-alive',
21 silly get     'x-current-requests': '1',
21 silly get     'x-readtime': '7',
21 silly get     'content-encoding': 'gzip' } ]
22 silly fetchPackageMetaData Error: 404 Not Found: PACKAGE_NAME
22 silly fetchPackageMetaData     at makeError (G:\web\node\node_modules\npm\node_modules\npm-registry-client\lib\request.js:302:12)
22 silly fetchPackageMetaData     at CachingRegistryClient.<anonymous> (G:\web\node\node_modules\npm\node_modules\npm-registry-client\lib\request.js:288:14)
22 silly fetchPackageMetaData     at G:\web\node\node_modules\npm\node_modules\npm-registry-client\lib\request.js:216:7
22 silly fetchPackageMetaData     at Gunzip.onEnd (zlib.js:227:5)
22 silly fetchPackageMetaData     at emitNone (events.js:91:20)
22 silly fetchPackageMetaData     at Gunzip.emit (events.js:185:7)
22 silly fetchPackageMetaData     at endReadableNT (_stream_readable.js:974:12)
22 silly fetchPackageMetaData     at _combinedTickCallback (internal/process/next_tick.js:74:11)
22 silly fetchPackageMetaData     at process._tickCallback (internal/process/next_tick.js:98:9)
22 silly fetchPackageMetaData  error for PACKAGE_NAME { Error: 404 Not Found: PACKAGE_NAME
22 silly fetchPackageMetaData     at makeError (G:\web\node\node_modules\npm\node_modules\npm-registry-client\lib\request.js:302:12)
22 silly fetchPackageMetaData     at CachingRegistryClient.<anonymous> (G:\web\node\node_modules\npm\node_modules\npm-registry-client\lib\request.js:288:14)
22 silly fetchPackageMetaData     at G:\web\node\node_modules\npm\node_modules\npm-registry-client\lib\request.js:216:7
22 silly fetchPackageMetaData     at Gunzip.onEnd (zlib.js:227:5)
22 silly fetchPackageMetaData     at emitNone (events.js:91:20)
22 silly fetchPackageMetaData     at Gunzip.emit (events.js:185:7)
22 silly fetchPackageMetaData     at endReadableNT (_stream_readable.js:974:12)
22 silly fetchPackageMetaData     at _combinedTickCallback (internal/process/next_tick.js:74:11)
22 silly fetchPackageMetaData     at process._tickCallback (internal/process/next_tick.js:98:9) pkgid: 'PACKAGE_NAME', statusCode: 404, code: 'E404' }
23 silly rollbackFailedOptional Starting
24 silly rollbackFailedOptional Finishing
25 silly runTopLevelLifecycles Finishing
26 silly install printInstalled
27 verbose stack Error: 404 Not Found: PACKAGE_NAME
27 verbose stack     at makeError (G:\web\node\node_modules\npm\node_modules\npm-registry-client\lib\request.js:302:12)
27 verbose stack     at CachingRegistryClient.<anonymous> (G:\web\node\node_modules\npm\node_modules\npm-registry-client\lib\request.js:288:14)
27 verbose stack     at G:\web\node\node_modules\npm\node_modules\npm-registry-client\lib\request.js:216:7
27 verbose stack     at Gunzip.onEnd (zlib.js:227:5)
27 verbose stack     at emitNone (events.js:91:20)
27 verbose stack     at Gunzip.emit (events.js:185:7)
27 verbose stack     at endReadableNT (_stream_readable.js:974:12)
27 verbose stack     at _combinedTickCallback (internal/process/next_tick.js:74:11)
27 verbose stack     at process._tickCallback (internal/process/next_tick.js:98:9)
28 verbose statusCode 404
29 verbose pkgid PACKAGE_NAME
30 verbose cwd G:\node\node_study\lession3
31 error Windows_NT 10.0.10586
32 error argv "G:\\web\\node\\node.exe" "G:\\web\\node\\node_modules\\npm\\bin\\npm-cli.js" "install" "--save" "PACKAGE_NAME"
33 error node v6.10.0
34 error npm  v3.10.10
35 error code E404
36 error 404 Not Found: PACKAGE_NAME
37 error 404
38 error 404 'PACKAGE_NAME' is not in the npm registry.
39 error 404 Your package name is not valid, because
40 error 404 1. name can no longer contain capital letters
41 error 404 Note that you can also install from a
42 error 404 tarball, folder, http url, or git url.
43 verbose exit [ 1, true ]
